c:\users\mihail\desktop\материалы\компьютерная графика\grafika_lab2-master — копия\openglrememberproj\release\vc142.pdb
c:\users\mihail\desktop\материалы\компьютерная графика\grafika_lab2-master — копия\openglrememberproj\release\render.obj
c:\users\mihail\desktop\материалы\компьютерная графика\grafika_lab2-master — копия\openglrememberproj\release\primitivesstatic.obj
c:\users\mihail\desktop\материалы\компьютерная графика\grafika_lab2-master — копия\openglrememberproj\release\primitives.obj
c:\users\mihail\desktop\материалы\компьютерная графика\grafika_lab2-master — копия\openglrememberproj\release\openglrememberproj.obj
c:\users\mihail\desktop\материалы\компьютерная графика\grafika_lab2-master — копия\openglrememberproj\release\object.obj
c:\users\mihail\desktop\материалы\компьютерная графика\grafika_lab2-master — копия\openglrememberproj\release\myogl.obj
c:\users\mihail\desktop\материалы\компьютерная графика\grafika_lab2-master — копия\openglrememberproj\release\guitextrectangle.obj
c:\users\mihail\desktop\материалы\компьютерная графика\grafika_lab2-master — копия\release\openglrememberproj.exe
c:\users\mihail\desktop\материалы\компьютерная графика\grafika_lab2-master — копия\release\openglrememberproj.pdb
c:\users\mihail\desktop\материалы\компьютерная графика\grafika_lab2-master — копия\release\openglrememberproj.ipdb
c:\users\mihail\desktop\материалы\компьютерная графика\grafika_lab2-master — копия\release\openglrememberproj.iobj
c:\users\mihail\desktop\материалы\компьютерная графика\grafika_lab2-master — копия\openglrememberproj\release\openglrememberproj.res
c:\users\mihail\desktop\материалы\компьютерная графика\grafika_lab2-master — копия\openglrememberproj\release\openglre.c624775c.tlog\cl.command.1.tlog
c:\users\mihail\desktop\материалы\компьютерная графика\grafika_lab2-master — копия\openglrememberproj\release\openglre.c624775c.tlog\cl.read.1.tlog
c:\users\mihail\desktop\материалы\компьютерная графика\grafika_lab2-master — копия\openglrememberproj\release\openglre.c624775c.tlog\cl.write.1.tlog
c:\users\mihail\desktop\материалы\компьютерная графика\grafika_lab2-master — копия\openglrememberproj\release\openglre.c624775c.tlog\link.command.1.tlog
c:\users\mihail\desktop\материалы\компьютерная графика\grafika_lab2-master — копия\openglrememberproj\release\openglre.c624775c.tlog\link.delete.1.tlog
c:\users\mihail\desktop\материалы\компьютерная графика\grafika_lab2-master — копия\openglrememberproj\release\openglre.c624775c.tlog\link.read.1.tlog
c:\users\mihail\desktop\материалы\компьютерная графика\grafika_lab2-master — копия\openglrememberproj\release\openglre.c624775c.tlog\link.write.1.tlog
c:\users\mihail\desktop\материалы\компьютерная графика\grafika_lab2-master — копия\openglrememberproj\release\openglre.c624775c.tlog\openglrememberproj.write.1u.tlog
c:\users\mihail\desktop\материалы\компьютерная графика\grafika_lab2-master — копия\openglrememberproj\release\openglre.c624775c.tlog\rc.command.1.tlog
c:\users\mihail\desktop\материалы\компьютерная графика\grafika_lab2-master — копия\openglrememberproj\release\openglre.c624775c.tlog\rc.read.1.tlog
c:\users\mihail\desktop\материалы\компьютерная графика\grafika_lab2-master — копия\openglrememberproj\release\openglre.c624775c.tlog\rc.write.1.tlog
